06.07.2024 - 04:33:09 - [TAB v4.1.6] Blocked attempt to add player Slowin_S into team F48FC9A2_Z1 (expected team: 0Slowin_SA)
06.07.2024 - 04:38:21 - [TAB v4.1.6] Blocked attempt to add player Slowin_S into team F48FC9A2_Z2 (expected team: 0Slowin_SA)
06.07.2024 - 04:39:53 - [TAB v4.1.6] Blocked attempt to add player Slowin_S into team F48FC9A2_Z3 (expected team: 7Slowin_SA)
06.07.2024 - 05:11:23 - [TAB v4.1.6] Blocked attempt to add player Slowin_S into team 41929288_Z1 (expected team: 0Slowin_SA)
06.07.2024 - 05:14:37 - [TAB v4.1.6] Blocked attempt to add player Slowin_S into team 41929288_Z2 (expected team: 0Slowin_SA)
06.07.2024 - 06:33:00 - [TAB v4.1.6] Blocked attempt to add player Abelll into team 41929288_Z3 (expected team: 6AbelllA)
06.07.2024 - 17:09:29 - [TAB v4.1.6] Blocked attempt to add player Slowin_S into team 41929288_Z3 (expected team: 7Slowin_SA)
06.07.2024 - 19:06:56 - [TAB v4.1.6] Blocked attempt to add player skisoflat into team 41929288_Z3 (expected team: 6skisoflatA)
06.07.2024 - 20:33:19 - [TAB v4.1.6] Blocked attempt to add player DraBbowl397 into team 41929288_Z3 (expected team: 7DraBbowl397A)
07.07.2024 - 16:51:33 - [TAB v4.1.6] Blocked attempt to add player OmniTiwch into team 41929288_Z3 (expected team: 6OmniTiwchA)
07.07.2024 - 22:09:22 - [TAB v4.1.6] Blocked attempt to add player the_killer29 into team 41929288_Z3 (expected team: 6the_killer29A)
08.07.2024 - 02:30:24 - [TAB v4.1.6] Blocked attempt to add player skisoflat into team 41929288_Z3 (expected team: 6skisoflatA)
08.07.2024 - 03:48:54 - [TAB v4.1.6] Blocked attempt to add player Slowin_S into team 41929288_Z3 (expected team: 7Slowin_SA)
08.07.2024 - 03:48:54 - [TAB v4.1.6] Blocked attempt to add player skisoflat into team 41929288_Z3 (expected team: 6skisoflatA)
08.07.2024 - 03:50:10 - [TAB v4.1.6] Blocked attempt to add player Slowin_S into team 41929288_Z3 (expected team: 7Slowin_SA)
08.07.2024 - 03:52:10 - [TAB v4.1.6] Blocked attempt to add player skisoflat into team 41929288_Z3 (expected team: 6skisoflatA)
08.07.2024 - 03:52:10 - [TAB v4.1.6] Blocked attempt to add player Slowin_S into team 41929288_Z3 (expected team: 7Slowin_SA)
08.07.2024 - 03:56:28 - [TAB v4.1.6] Blocked attempt to add player skisoflat into team 41929288_Z3 (expected team: 7skisoflatA)
08.07.2024 - 03:56:28 - [TAB v4.1.6] Blocked attempt to add player Slowin_S into team 41929288_Z3 (expected team: 7Slowin_SA)
08.07.2024 - 04:24:40 - [TAB v4.1.6] Blocked attempt to add player Slowin_S into team 41929288_Z4 (expected team: 7Slowin_SA)
08.07.2024 - 04:39:05 - [TAB v4.1.6] Blocked attempt to add player Slowin_S into team 41929288_Z5 (expected team: 0Slowin_SA)
08.07.2024 - 04:39:05 - [TAB v4.1.6] Blocked attempt to add player DraBbowl397 into team 41929288_Z3 (expected team: 7DraBbowl397A)
08.07.2024 - 04:39:05 - [TAB v4.1.6] Blocked attempt to add player skisoflat into team 41929288_Z3 (expected team: 7skisoflatA)
08.07.2024 - 04:39:42 - [TAB v4.1.6] Blocked attempt to add player DraBbowl397 into team 41929288_Z3 (expected team: 7DraBbowl397A)
08.07.2024 - 04:39:42 - [TAB v4.1.6] Blocked attempt to add player skisoflat into team 41929288_Z3 (expected team: 7skisoflatA)
08.07.2024 - 04:39:42 - [TAB v4.1.6] Blocked attempt to add player Slowin_S into team 41929288_Z6 (expected team: 0Slowin_SA)
08.07.2024 - 04:40:20 - [TAB v4.1.6] Blocked attempt to add player DraBbowl397 into team 41929288_Z3 (expected team: 7DraBbowl397A)
08.07.2024 - 04:40:20 - [TAB v4.1.6] Blocked attempt to add player skisoflat into team 41929288_Z3 (expected team: 7skisoflatA)
08.07.2024 - 04:40:20 - [TAB v4.1.6] Blocked attempt to add player Slowin_S into team 41929288_Z7 (expected team: 0Slowin_SA)
08.07.2024 - 04:52:36 - [TAB v4.1.6] Blocked attempt to add player Slowin_S into team 41929288_Z8 (expected team: 0Slowin_SA)
08.07.2024 - 04:52:36 - [TAB v4.1.6] Blocked attempt to add player DraBbowl397 into team 41929288_Z3 (expected team: 7DraBbowl397A)
08.07.2024 - 04:52:36 - [TAB v4.1.6] Blocked attempt to add player skisoflat into team 41929288_Z3 (expected team: 7skisoflatA)
08.07.2024 - 05:23:51 - [TAB v4.1.6] Blocked attempt to add player Slowin_S into team 41929288_Z9 (expected team: 0Slowin_SA)
08.07.2024 - 05:23:56 - [TAB v4.1.6] Blocked attempt to add player WichoCT into team 41929288_Z3 (expected team: 6WichoCTA)
08.07.2024 - 05:34:36 - [TAB v4.1.6] Blocked attempt to add player skisoflat into team 41929288_Z3 (expected team: 7skisoflatA)
08.07.2024 - 05:55:02 - [TAB v4.1.6] Blocked attempt to add player Slowin_S into team 41929288_Z10 (expected team: 0Slowin_SA)
08.07.2024 - 16:14:10 - [TAB v4.1.6] Blocked attempt to add player Slowin_S into team 7DE6F482_Z1 (expected team: 0Slowin_SA)
08.07.2024 - 16:15:33 - [TAB v4.1.6] Blocked attempt to add player Slowin_S into team 7DE6F482_Z2 (expected team: 0Slowin_SA)
08.07.2024 - 16:34:42 - [TAB v4.1.6] Blocked attempt to add player Slowin_S into team 7DE6F482_Z3 (expected team: 7Slowin_SA)
08.07.2024 - 16:36:18 - [TAB v4.1.6] Blocked attempt to add player holapelom into team 7DE6F482_Z4 (expected team: 6holapelomA)
08.07.2024 - 16:39:41 - [TAB v4.1.6] Blocked attempt to add player Slowin_S into team 7DE6F482_Z4 (expected team: 7Slowin_SA)
08.07.2024 - 18:35:14 - [TAB v4.1.6] Blocked attempt to add player Slowin_S into team B80B7043_Z1 (expected team: 7Slowin_SA)
08.07.2024 - 19:20:51 - [TAB v4.1.6] Blocked attempt to add player Slowin_S into team 781B583E_Z1 (expected team: 0Slowin_SA)
09.07.2024 - 00:38:10 - [TAB v4.1.6] Blocked attempt to add player Slowin_S into team 781B583E_Z2 (expected team: 0Slowin_SA)
09.07.2024 - 00:40:43 - [TAB v4.1.6] Blocked attempt to add player Slowin_S into team 781B583E_Z3 (expected team: 0Slowin_SA)
09.07.2024 - 00:54:54 - [TAB v4.1.6] Blocked attempt to add player Slowin_S into team 781B583E_Z4 (expected team: 0Slowin_SA)
09.07.2024 - 00:54:54 - [TAB v4.1.6] Blocked attempt to add player Slowin_S into team 781B583E_Z4 (expected team: 0Slowin_SA)
09.07.2024 - 00:59:55 - [TAB v4.1.6] Blocked attempt to add player Slowin_S into team 781B583E_Z5 (expected team: 0Slowin_SA)
09.07.2024 - 00:59:55 - [TAB v4.1.6] Blocked attempt to add player Slowin_S into team 781B583E_Z5 (expected team: 0Slowin_SA)
09.07.2024 - 01:02:13 - [TAB v4.1.6] Blocked attempt to add player Slowin_S into team 781B583E_Z6 (expected team: 0Slowin_SA)
09.07.2024 - 01:02:13 - [TAB v4.1.6] Blocked attempt to add player Slowin_S into team 781B583E_Z6 (expected team: 0Slowin_SA)
09.07.2024 - 01:30:04 - [TAB v4.1.6] Blocked attempt to add player Slowin_S into team 781B583E_AA7 (expected team: 0Slowin_SA)
09.07.2024 - 02:29:59 - [TAB v4.1.6] Blocked attempt to add player Slowin_S into team 01A0501A_AA1 (expected team: 0Slowin_SA)
09.07.2024 - 03:25:53 - [TAB v4.1.6] Blocked attempt to add player Slowin_S into team 01A0501A_AA2 (expected team: 0Slowin_SA)
10.07.2024 - 01:42:07 - [TAB v4.1.6] Blocked attempt to add player Slowin_S into team 46A1C8C7_AA1 (expected team: 0Slowin_SA)
10.07.2024 - 21:53:05 - [TAB v4.1.6] Blocked attempt to add player Slowin_S into team D47372CA_AA1 (expected team: 0Slowin_SA)
11.07.2024 - 01:07:57 - [TAB v4.1.6] Blocked attempt to add player Slowin_S into team D47372CA_AA2 (expected team: 0Slowin_SA)
11.07.2024 - 01:18:24 - [TAB v4.1.6] Blocked attempt to add player Slowin_S into team 63651677_AA1 (expected team: 0Slowin_SA)
11.07.2024 - 01:40:57 - [TAB v4.1.6] Blocked attempt to add player Slowin_S into team 63651677_AA2 (expected team: 0Slowin_SA)
11.07.2024 - 02:04:51 - [TAB v4.1.6] Blocked attempt to add player Slowin_S into team 63651677_AA3 (expected team: 0Slowin_SA)
11.07.2024 - 02:31:03 - [TAB v4.1.6] Blocked attempt to add player Slowin_S into team 63651677_AA4 (expected team: 0Slowin_SA)
11.07.2024 - 03:21:40 - [TAB v4.1.6] Blocked attempt to add player Slowin_S into team 63651677_AA5 (expected team: 0Slowin_SA)
11.07.2024 - 05:25:40 - [TAB v4.1.6] Blocked attempt to add player Slowin_S into team 79A979A7_AA1 (expected team: 0Slowin_SA)
12.07.2024 - 00:32:06 - [TAB v4.1.6] Blocked attempt to add player Slowin_S into team 79A979A7_AA2 (expected team: 0Slowin_SA)
12.07.2024 - 01:35:45 - [TAB v4.1.6] Blocked attempt to add player Slowin_S into team 79A979A7_AA3 (expected team: 0Slowin_SA)
12.07.2024 - 04:06:41 - [TAB v4.1.6] Blocked attempt to add player Slowin_S into team 79A979A7_AA4 (expected team: 0Slowin_SA)
13.07.2024 - 04:37:12 - [TAB v4.1.6] Blocked attempt to add player Slowin_S into team 8BF1DA00_AA1 (expected team: 0Slowin_SA)
14.07.2024 - 23:25:37 - [TAB v4.1.6] Blocked attempt to add player Slowin_S into team 8BF1DA00_AA2 (expected team: 0Slowin_SA)
15.07.2024 - 04:42:32 - [TAB v4.1.6] Blocked attempt to add player Slowin_S into team 8BF1DA00_AA3 (expected team: 0Slowin_SA)
15.07.2024 - 04:43:13 - [TAB v4.1.6] Blocked attempt to add player Slowin_S into team 8BF1DA00_AA4 (expected team: 0Slowin_SA)
15.07.2024 - 04:43:55 - [TAB v4.1.6] Blocked attempt to add player Slowin_S into team 8BF1DA00_AA5 (expected team: 0Slowin_SA)
15.07.2024 - 04:44:54 - [TAB v4.1.6] Blocked attempt to add player Slowin_S into team 8BF1DA00_AA6 (expected team: 0Slowin_SA)
15.07.2024 - 06:56:50 - [TAB v4.1.6] Blocked attempt to add player Slowin_S into team 4109508F_AA1 (expected team: 0Slowin_SA)
15.07.2024 - 22:25:40 - [TAB v4.1.6] Blocked attempt to add player Slowin_S into team FD16BB69_AA1 (expected team: 0Slowin_SA)
15.07.2024 - 22:44:43 - [TAB v4.1.6] Blocked attempt to add player Slowin_S into team E67CFB50_AA1 (expected team: 0Slowin_SA)
16.07.2024 - 04:04:12 - [TAB v4.1.6] Blocked attempt to add player Slowin_S into team E67CFB50_AA2 (expected team: 0Slowin_SA)
16.07.2024 - 22:54:45 - [TAB v4.1.6] Blocked attempt to add player Slowin_S into team E67CFB50_AA3 (expected team: 0Slowin_SA)
16.07.2024 - 23:47:10 - [TAB v4.1.6] Blocked attempt to add player Slowin_S into team E67CFB50_AA4 (expected team: 0Slowin_SA)
17.07.2024 - 02:39:23 - [TAB v4.1.6] Blocked attempt to add player Slowin_S into team E67CFB50_AA5 (expected team: 0Slowin_SA)
17.07.2024 - 02:40:10 - [TAB v4.1.6] Blocked attempt to add player Slowin_S into team E67CFB50_AA6 (expected team: 0Slowin_SA)
17.07.2024 - 03:29:31 - [TAB v4.1.6] Blocked attempt to add player Slowin_S into team E67CFB50_AA7 (expected team: 0Slowin_SA)
17.07.2024 - 05:21:32 - [TAB v4.1.6] Blocked attempt to add player Slowin_S into team E67CFB50_AA9 (expected team: 0Slowin_SA)
17.07.2024 - 18:11:31 - [TAB v4.1.6] Blocked attempt to add player Slowin_S into team E67CFB50_AA10 (expected team: 0Slowin_SA)
17.07.2024 - 18:39:10 - [TAB v4.1.6] Blocked attempt to add player Slowin_S into team E67CFB50_AA11 (expected team: 0Slowin_SA)
18.07.2024 - 00:11:52 - [TAB v4.1.6] Blocked attempt to add player Slowin_S into team E67CFB50_AA12 (expected team: 0Slowin_SA)
18.07.2024 - 00:12:40 - [TAB v4.1.6] Blocked attempt to add player Slowin_S into team E67CFB50_AA13 (expected team: 0Slowin_SA)
18.07.2024 - 01:32:28 - [TAB v4.1.6] Blocked attempt to add player Slowin_S into team E67CFB50_AA14 (expected team: 0Slowin_SA)
18.07.2024 - 03:53:15 - [TAB v4.1.6] Blocked attempt to add player Slowin_S into team E67CFB50_AA15 (expected team: 0Slowin_SA)
18.07.2024 - 03:53:51 - [TAB v4.1.6] Blocked attempt to add player Slowin_S into team E67CFB50_AA16 (expected team: 0Slowin_SA)
18.07.2024 - 04:01:34 - [TAB v4.1.6] Blocked attempt to add player Slowin_S into team E67CFB50_AA17 (expected team: 0Slowin_SA)
18.07.2024 - 04:03:02 - [TAB v4.1.6] Blocked attempt to add player Slowin_S into team E67CFB50_AA18 (expected team: 0Slowin_SA)
18.07.2024 - 05:56:32 - [TAB v4.1.6] Blocked attempt to add player Slowin_S into team E67CFB50_AA19 (expected team: 0Slowin_SA)
18.07.2024 - 17:22:48 - [TAB v4.1.6] Blocked attempt to add player Slowin_S into team E67CFB50_AA20 (expected team: 0Slowin_SA)
18.07.2024 - 17:23:31 - [TAB v4.1.6] Blocked attempt to add player Slowin_S into team E67CFB50_AA21 (expected team: 0Slowin_SA)
18.07.2024 - 17:36:52 - [TAB v4.1.6] Blocked attempt to add player Slowin_S into team 3986AD14_AA1 (expected team: 0Slowin_SA)
18.07.2024 - 17:40:02 - [TAB v4.1.6] Blocked attempt to add player Slowin_S into team FFD0A160_AA1 (expected team: 0Slowin_SA)
18.07.2024 - 17:41:25 - [TAB v4.1.6] Blocked attempt to add player Slowin_S into team 2F3D0F5C_AA1 (expected team: 0Slowin_SA)
20.07.2024 - 04:37:07 - [TAB v4.1.6] Blocked attempt to add player Slowin_S into team 937634FF_AA1 (expected team: 0Slowin_SA)
20.07.2024 - 04:37:07 - [TAB v4.1.6] Blocked attempt to add player Slowin_S into team 937634FF_AA1 (expected team: 0Slowin_SA)
21.07.2024 - 05:27:49 - [TAB v4.1.6] Blocked attempt to add player Slowin_S into team 937634FF_AA2 (expected team: 0Slowin_SA)
21.07.2024 - 16:09:50 - [TAB v4.1.6] Blocked attempt to add player Slowin_S into team CFDCE21A_AA1 (expected team: 0Slowin_SA)
22.07.2024 - 04:26:42 - [TAB v4.1.6] Blocked attempt to add player Slowin_S into team CFDCE21A_AA2 (expected team: 0Slowin_SA)
22.07.2024 - 04:30:58 - [TAB v4.1.6] Blocked attempt to add player Slowin_S into team CFDCE21A_AA3 (expected team: 0Slowin_SA)
22.07.2024 - 04:31:43 - [TAB v4.1.6] Blocked attempt to add player Slowin_S into team CFDCE21A_AA4 (expected team: 0Slowin_SA)
22.07.2024 - 04:34:11 - [TAB v4.1.6] Blocked attempt to add player Slowin_S into team 12373E54_AA1 (expected team: 0Slowin_SA)
22.07.2024 - 04:44:52 - [TAB v4.1.6] Blocked attempt to add player Slowin_S into team 12373E54_AA2 (expected team: 0Slowin_SA)
22.07.2024 - 04:45:30 - [TAB v4.1.6] Blocked attempt to add player Slowin_S into team 12373E54_AA3 (expected team: 0Slowin_SA)
22.07.2024 - 17:13:33 - [TAB v4.1.6] Blocked attempt to add player Slowin_S into team 12373E54_AA4 (expected team: 0Slowin_SA)
23.07.2024 - 05:00:38 - [TAB v4.1.6] Blocked attempt to add player Slowin_S into team 12373E54_AA5 (expected team: 0Slowin_SA)
23.07.2024 - 05:01:23 - [TAB v4.1.6] Blocked attempt to add player Slowin_S into team 12373E54_AA6 (expected team: 0Slowin_SA)
23.07.2024 - 05:02:09 - [TAB v4.1.6] Blocked attempt to add player Slowin_S into team 12373E54_AA7 (expected team: 0Slowin_SA)
23.07.2024 - 22:02:16 - [TAB v4.1.6] Blocked attempt to add player Slowin_S into team B7C53976_AA1 (expected team: 0Slowin_SA)
24.07.2024 - 04:45:32 - [TAB v4.1.6] Blocked attempt to add player Slowin_S into team B7C53976_AA2 (expected team: 0Slowin_SA)
25.07.2024 - 04:02:00 - [TAB v4.1.6] Blocked attempt to add player Slowin_S into team 71977545_AA1 (expected team: 0Slowin_SA)
25.07.2024 - 05:47:00 - [TAB v4.1.6] Blocked attempt to add player Slowin_S into team 71977545_AA2 (expected team: 0Slowin_SA)
25.07.2024 - 06:50:15 - [TAB v4.1.6] Blocked attempt to add player Slowin_S into team D0B7567F_AA1 (expected team: 0Slowin_SA)
25.07.2024 - 07:24:48 - [TAB v4.1.6] Blocked attempt to add player Slowin_S into team D0B7567F_AA2 (expected team: 0Slowin_SA)
25.07.2024 - 17:41:22 - [TAB v4.1.6] Blocked attempt to add player Slowin_S into team D0B7567F_AA3 (expected team: 0Slowin_SA)
25.07.2024 - 22:11:34 - [TAB v4.1.6] Blocked attempt to add player Slowin_S into team FCBCBDD7_AA1 (expected team: 0Slowin_SA)
25.07.2024 - 22:40:29 - [TAB v4.1.6] Blocked attempt to add player Slowin_S into team FCBCBDD7_AA2 (expected team: 0Slowin_SA)
26.07.2024 - 03:15:09 - [TAB v4.1.6] Blocked attempt to add player Slowin_S into team FCBCBDD7_AA3 (expected team: 0Slowin_SA)
26.07.2024 - 04:37:56 - [TAB v4.1.6] Blocked attempt to add player Slowin_S into team FCBCBDD7_AA4 (expected team: 0Slowin_SA)
27.07.2024 - 04:48:23 - [TAB v4.1.6] Blocked attempt to add player Slowin_S into team D09316AF_AA1 (expected team: 0Slowin_SA)
